[ 2016-11-10T11:59:14+08:00 ] 127.0.0.1 /Test4/czxy/index.php/Home/Index/index
INFO: [ app_init ] --START--
INFO: Run Behavior\BuildLiteBehavior [ RunTime:0.000000s ]
INFO: [ app_init ] --END-- [ RunTime:0.000000s ]
INFO: [ app_begin ] --START--
INFO: Run Behavior\ReadHtmlCacheBehavior [ RunTime:0.002000s ]
INFO: [ app_begin ] --END-- [ RunTime:0.003000s ]
INFO: [ view_parse ] --START--
INFO: [ template_filter ] --START--
INFO: Run Behavior\ContentReplaceBehavior [ RunTime:0.000000s ]
INFO: [ template_filter ] --END-- [ RunTime:0.000000s ]
INFO: Run Behavior\ParseTemplateBehavior [ RunTime:0.020002s ]
INFO: [ view_parse ] --END-- [ RunTime:0.020002s ]
INFO: [ view_filter ] --START--
INFO: Run Behavior\WriteHtmlCacheBehavior [ RunTime:0.003000s ]
INFO: [ view_filter ] --END-- [ RunTime:0.003000s ]
INFO: [ app_end ] --START--
INFO: Run Behavior\ShowPageTraceBehavior [ RunTime:0.002000s ]
INFO: [ app_end ] --END-- [ RunTime:0.002000s ]

[ 2016-11-10T11:59:32+08:00 ] 127.0.0.1 /Test4/czxy/index.php/Home/Secondhand/index.html
INFO: [ app_init ] --START--
INFO: Run Behavior\BuildLiteBehavior [ RunTime:0.000000s ]
INFO: [ app_init ] --END-- [ RunTime:0.000000s ]
INFO: [ app_begin ] --START--
INFO: Run Behavior\ReadHtmlCacheBehavior [ RunTime:0.004000s ]
INFO: [ app_begin ] --END-- [ RunTime:0.006000s ]
SQL: DESCRIBE czxy_secondcat [ RunTime:0.118006s ]
SQL: SELECT * FROM `czxy_secondcat`  [ RunTime:0.001000s ]
SQL: DESCRIBE czxy_secondthing [ RunTime:0.010000s ]
SQL: SELECT COUNT(*) AS tp_count FROM czxy_secondthing a LIMIT 1   [ RunTime:0.000000s ]
SQL: SELECT * FROM czxy_secondthing a WHERE `state` = '显示' GROUP BY a.id LIMIT 0,20   [ RunTime:0.001000s ]
INFO: [ view_parse ] --START--
INFO: [ template_filter ] --START--
INFO: Run Behavior\ContentReplaceBehavior [ RunTime:0.000000s ]
INFO: [ template_filter ] --END-- [ RunTime:0.000000s ]
INFO: Run Behavior\ParseTemplateBehavior [ RunTime:0.024001s ]
INFO: [ view_parse ] --END-- [ RunTime:0.024001s ]
INFO: [ view_filter ] --START--
INFO: Run Behavior\WriteHtmlCacheBehavior [ RunTime:0.006000s ]
INFO: [ view_filter ] --END-- [ RunTime:0.006000s ]
INFO: [ app_end ] --START--
INFO: Run Behavior\ShowPageTraceBehavior [ RunTime:0.002001s ]
INFO: [ app_end ] --END-- [ RunTime:0.002001s ]

[ 2016-11-10T11:59:36+08:00 ] 127.0.0.1 /Test4/czxy/index.php/Home/Secondhand/write_second.html
INFO: [ app_init ] --START--
INFO: Run Behavior\BuildLiteBehavior [ RunTime:0.000000s ]
INFO: [ app_init ] --END-- [ RunTime:0.000000s ]
INFO: [ app_begin ] --START--
INFO: Run Behavior\ReadHtmlCacheBehavior [ RunTime:0.003000s ]
INFO: [ app_begin ] --END-- [ RunTime:0.003000s ]

[ 2016-11-10T11:59:36+08:00 ] 127.0.0.1 /Test4/czxy/index.php/Home/LogReg/login.html
INFO: [ app_init ] --START--
INFO: Run Behavior\BuildLiteBehavior [ RunTime:0.000000s ]
INFO: [ app_init ] --END-- [ RunTime:0.000000s ]
INFO: [ app_begin ] --START--
INFO: Run Behavior\ReadHtmlCacheBehavior [ RunTime:0.002000s ]
INFO: [ app_begin ] --END-- [ RunTime:0.002000s ]
INFO: [ view_parse ] --START--
INFO: [ template_filter ] --START--
INFO: Run Behavior\ContentReplaceBehavior [ RunTime:0.000000s ]
INFO: [ template_filter ] --END-- [ RunTime:0.000000s ]
INFO: Run Behavior\ParseTemplateBehavior [ RunTime:0.018001s ]
INFO: [ view_parse ] --END-- [ RunTime:0.018001s ]
INFO: [ view_filter ] --START--
INFO: Run Behavior\WriteHtmlCacheBehavior [ RunTime:0.003000s ]
INFO: [ view_filter ] --END-- [ RunTime:0.003000s ]
INFO: [ app_end ] --START--
INFO: Run Behavior\ShowPageTraceBehavior [ RunTime:0.002000s ]
INFO: [ app_end ] --END-- [ RunTime:0.002000s ]

[ 2016-11-10T11:59:37+08:00 ] 127.0.0.1 /Test4/czxy/index.php/Home/LogReg/images/zh-CN.js
INFO: [ app_init ] --START--
INFO: Run Behavior\BuildLiteBehavior [ RunTime:0.000000s ]
INFO: [ app_init ] --END-- [ RunTime:0.000000s ]
INFO: [ app_begin ] --START--
INFO: Run Behavior\ReadHtmlCacheBehavior [ RunTime:0.003000s ]
INFO: [ app_begin ] --END-- [ RunTime:0.003000s ]
ERR: 非法操作:images

[ 2016-11-10T11:59:39+08:00 ] 127.0.0.1 /Test4/czxy/index.php/Home/LogReg/images/zh-CN.js
INFO: [ app_init ] --START--
INFO: Run Behavior\BuildLiteBehavior [ RunTime:0.000000s ]
INFO: [ app_init ] --END-- [ RunTime:0.000000s ]
INFO: [ app_begin ] --START--
INFO: Run Behavior\ReadHtmlCacheBehavior [ RunTime:0.003000s ]
INFO: [ app_begin ] --END-- [ RunTime:0.003000s ]
ERR: 非法操作:images

[ 2016-11-10T11:59:49+08:00 ] 127.0.0.1 /Test4/czxy/index.php/Home/LogReg/isExitst.html?mobilephone=18835572328
INFO: [ app_init ] --START--
INFO: Run Behavior\BuildLiteBehavior [ RunTime:0.000000s ]
INFO: [ app_init ] --END-- [ RunTime:0.000000s ]
INFO: [ app_begin ] --START--
INFO: Run Behavior\ReadHtmlCacheBehavior [ RunTime:0.003000s ]
INFO: [ app_begin ] --END-- [ RunTime:0.003000s ]
SQL: DESCRIBE czxy_user [ RunTime:0.007001s ]
SQL: SELECT * FROM `czxy_user` WHERE ( username=18835572328 ) LIMIT 1   [ RunTime:0.001000s ]

[ 2016-11-10T11:59:50+08:00 ] 127.0.0.1 /Test4/czxy/index.php/Home/LogReg/login.html
INFO: [ app_init ] --START--
INFO: Run Behavior\BuildLiteBehavior [ RunTime:0.000000s ]
INFO: [ app_init ] --END-- [ RunTime:0.000000s ]
INFO: [ app_begin ] --START--
INFO: Run Behavior\ReadHtmlCacheBehavior [ RunTime:0.005000s ]
INFO: [ app_begin ] --END-- [ RunTime:0.005000s ]
SQL: DESCRIBE czxy_user [ RunTime:0.007000s ]
SQL: SELECT * FROM `czxy_user` WHERE `username` = '18835572328' AND `password` = 'e10adc3949ba59abbe56e057f20f883e' LIMIT 1   [ RunTime:0.002000s ]
INFO: [ view_parse ] --START--
INFO: [ template_filter ] --START--
INFO: Run Behavior\ContentReplaceBehavior [ RunTime:0.000000s ]
INFO: [ template_filter ] --END-- [ RunTime:0.001000s ]
INFO: Run Behavior\ParseTemplateBehavior [ RunTime:0.022002s ]
INFO: [ view_parse ] --END-- [ RunTime:0.022002s ]
INFO: [ view_filter ] --START--
INFO: Run Behavior\WriteHtmlCacheBehavior [ RunTime:0.003000s ]
INFO: [ view_filter ] --END-- [ RunTime:0.003000s ]

[ 2016-11-10T11:59:53+08:00 ] 127.0.0.1 /Test4/czxy/index.php/Home/Index/index.html
INFO: [ app_init ] --START--
INFO: Run Behavior\BuildLiteBehavior [ RunTime:0.000000s ]
INFO: [ app_init ] --END-- [ RunTime:0.001000s ]
INFO: [ app_begin ] --START--
INFO: Run Behavior\ReadHtmlCacheBehavior [ RunTime:0.003000s ]
INFO: [ app_begin ] --END-- [ RunTime:0.003000s ]
INFO: [ view_parse ] --START--
INFO: [ template_filter ] --START--
INFO: Run Behavior\ContentReplaceBehavior [ RunTime:0.000000s ]
INFO: [ template_filter ] --END-- [ RunTime:0.000000s ]
INFO: Run Behavior\ParseTemplateBehavior [ RunTime:0.024001s ]
INFO: [ view_parse ] --END-- [ RunTime:0.025001s ]
INFO: [ view_filter ] --START--
INFO: Run Behavior\WriteHtmlCacheBehavior [ RunTime:0.003000s ]
INFO: [ view_filter ] --END-- [ RunTime:0.003000s ]
INFO: [ app_end ] --START--
INFO: Run Behavior\ShowPageTraceBehavior [ RunTime:0.003001s ]
INFO: [ app_end ] --END-- [ RunTime:0.003001s ]

[ 2016-11-10T11:59:55+08:00 ] 127.0.0.1 /Test4/czxy/index.php/Home/Secondhand/index.html
INFO: [ app_init ] --START--
INFO: Run Behavior\BuildLiteBehavior [ RunTime:0.000000s ]
INFO: [ app_init ] --END-- [ RunTime:0.001000s ]
INFO: [ app_begin ] --START--
INFO: Run Behavior\ReadHtmlCacheBehavior [ RunTime:0.003000s ]
INFO: [ app_begin ] --END-- [ RunTime:0.003000s ]
SQL: DESCRIBE czxy_secondcat [ RunTime:0.005000s ]
SQL: SELECT * FROM `czxy_secondcat`  [ RunTime:0.003000s ]
SQL: DESCRIBE czxy_secondthing [ RunTime:0.005001s ]
SQL: SELECT COUNT(*) AS tp_count FROM czxy_secondthing a LIMIT 1   [ RunTime:0.001000s ]
SQL: SELECT * FROM czxy_secondthing a WHERE `state` = '显示' GROUP BY a.id LIMIT 0,20   [ RunTime:0.001000s ]
INFO: [ view_parse ] --START--
INFO: [ template_filter ] --START--
INFO: Run Behavior\ContentReplaceBehavior [ RunTime:0.001000s ]
INFO: [ template_filter ] --END-- [ RunTime:0.001000s ]
INFO: Run Behavior\ParseTemplateBehavior [ RunTime:0.029002s ]
INFO: [ view_parse ] --END-- [ RunTime:0.029002s ]
INFO: [ view_filter ] --START--
INFO: Run Behavior\WriteHtmlCacheBehavior [ RunTime:0.003000s ]
INFO: [ view_filter ] --END-- [ RunTime:0.003000s ]
INFO: [ app_end ] --START--
INFO: Run Behavior\ShowPageTraceBehavior [ RunTime:0.003000s ]
INFO: [ app_end ] --END-- [ RunTime:0.005000s ]

[ 2016-11-10T11:59:58+08:00 ] 127.0.0.1 /Test4/czxy/index.php/Home/Secondhand/write_second.html
INFO: [ app_init ] --START--
INFO: Run Behavior\BuildLiteBehavior [ RunTime:0.000000s ]
INFO: [ app_init ] --END-- [ RunTime:0.000000s ]
INFO: [ app_begin ] --START--
INFO: Run Behavior\ReadHtmlCacheBehavior [ RunTime:0.003000s ]
INFO: [ app_begin ] --END-- [ RunTime:0.004000s ]
SQL: DESCRIBE czxy_secondcat [ RunTime:0.005000s ]
SQL: SELECT * FROM `czxy_secondcat`  [ RunTime:0.001001s ]
INFO: [ view_parse ] --START--
INFO: [ template_filter ] --START--
INFO: Run Behavior\ContentReplaceBehavior [ RunTime:0.000000s ]
INFO: [ template_filter ] --END-- [ RunTime:0.001000s ]
INFO: Run Behavior\ParseTemplateBehavior [ RunTime:0.021001s ]
INFO: [ view_parse ] --END-- [ RunTime:0.021001s ]
INFO: [ view_filter ] --START--
INFO: Run Behavior\WriteHtmlCacheBehavior [ RunTime:0.003000s ]
INFO: [ view_filter ] --END-- [ RunTime:0.003000s ]
INFO: [ app_end ] --START--
INFO: Run Behavior\ShowPageTraceBehavior [ RunTime:0.003000s ]
INFO: [ app_end ] --END-- [ RunTime:0.003000s ]

[ 2016-11-10T12:00:12+08:00 ] 127.0.0.1 /Test4/czxy/index.php/Home/News/lst.html
INFO: [ app_init ] --START--
INFO: Run Behavior\BuildLiteBehavior [ RunTime:0.000000s ]
INFO: [ app_init ] --END-- [ RunTime:0.001000s ]
INFO: [ app_begin ] --START--
INFO: Run Behavior\ReadHtmlCacheBehavior [ RunTime:0.002000s ]
INFO: [ app_begin ] --END-- [ RunTime:0.002000s ]
SQL: DESCRIBE czxy_news [ RunTime:0.005000s ]
NOTIC: [8] Undefined variable: pageObject D:\WWW\Test4\czxy\Application\Home\Model\NewsModel.class.php 第 22 行.
NOTIC: [8] Trying to get property of non-object D:\WWW\Test4\czxy\Application\Home\Model\NewsModel.class.php 第 22 行.
NOTIC: [8] Undefined variable: pageObject D:\WWW\Test4\czxy\Application\Home\Model\NewsModel.class.php 第 22 行.
NOTIC: [8] Trying to get property of non-object D:\WWW\Test4\czxy\Application\Home\Model\NewsModel.class.php 第 22 行.
SQL: SELECT COUNT(*) AS tp_count FROM czxy_news a ORDER BY addtime desc LIMIT 1   [ RunTime:0.002001s ]
SQL: SELECT a.* FROM czxy_news a ORDER BY addtime desc LIMIT 0,8   [ RunTime:0.026001s ]
SQL: DESCRIBE czxy_news_type [ RunTime:0.004001s ]
SQL: SELECT * FROM `czxy_news_type`  [ RunTime:0.002000s ]
INFO: [ view_parse ] --START--
INFO: [ template_filter ] --START--
INFO: Run Behavior\ContentReplaceBehavior [ RunTime:0.000000s ]
INFO: [ template_filter ] --END-- [ RunTime:0.000000s ]
INFO: Run Behavior\ParseTemplateBehavior [ RunTime:0.017001s ]
INFO: [ view_parse ] --END-- [ RunTime:0.017001s ]
INFO: [ view_filter ] --START--
INFO: Run Behavior\WriteHtmlCacheBehavior [ RunTime:0.002000s ]
INFO: [ view_filter ] --END-- [ RunTime:0.002000s ]
INFO: [ app_end ] --START--
INFO: Run Behavior\ShowPageTraceBehavior [ RunTime:0.002000s ]
INFO: [ app_end ] --END-- [ RunTime:0.002000s ]

[ 2016-11-10T12:00:15+08:00 ] 127.0.0.1 /Test4/czxy/index.php/Home/LogReg/logout.html
INFO: [ app_init ] --START--
INFO: Run Behavior\BuildLiteBehavior [ RunTime:0.000000s ]
INFO: [ app_init ] --END-- [ RunTime:0.001000s ]
INFO: [ app_begin ] --START--
INFO: Run Behavior\ReadHtmlCacheBehavior [ RunTime:0.002000s ]
INFO: [ app_begin ] --END-- [ RunTime:0.002000s ]
INFO: [ view_parse ] --START--
INFO: [ template_filter ] --START--
INFO: Run Behavior\ContentReplaceBehavior [ RunTime:0.000000s ]
INFO: [ template_filter ] --END-- [ RunTime:0.001000s ]
INFO: Run Behavior\ParseTemplateBehavior [ RunTime:0.016001s ]
INFO: [ view_parse ] --END-- [ RunTime:0.017001s ]
INFO: [ view_filter ] --START--
INFO: Run Behavior\WriteHtmlCacheBehavior [ RunTime:0.001000s ]
INFO: [ view_filter ] --END-- [ RunTime:0.001000s ]
INFO: [ app_end ] --START--
INFO: Run Behavior\ShowPageTraceBehavior [ RunTime:0.002000s ]
INFO: [ app_end ] --END-- [ RunTime:0.002000s ]

[ 2016-11-10T12:00:16+08:00 ] 127.0.0.1 /Test4/czxy/index.php/Home/Index/index.html
INFO: [ app_init ] --START--
INFO: Run Behavior\BuildLiteBehavior [ RunTime:0.000000s ]
INFO: [ app_init ] --END-- [ RunTime:0.000000s ]
INFO: [ app_begin ] --START--
INFO: Run Behavior\ReadHtmlCacheBehavior [ RunTime:0.001000s ]
INFO: [ app_begin ] --END-- [ RunTime:0.001000s ]
INFO: [ view_parse ] --START--
INFO: [ template_filter ] --START--
INFO: Run Behavior\ContentReplaceBehavior [ RunTime:0.000000s ]
INFO: [ template_filter ] --END-- [ RunTime:0.000000s ]
INFO: Run Behavior\ParseTemplateBehavior [ RunTime:0.018001s ]
INFO: [ view_parse ] --END-- [ RunTime:0.019001s ]
INFO: [ view_filter ] --START--
INFO: Run Behavior\WriteHtmlCacheBehavior [ RunTime:0.001000s ]
INFO: [ view_filter ] --END-- [ RunTime:0.001000s ]
INFO: [ app_end ] --START--
INFO: Run Behavior\ShowPageTraceBehavior [ RunTime:0.003000s ]
INFO: [ app_end ] --END-- [ RunTime:0.003000s ]

[ 2016-11-10T12:00:19+08:00 ] 127.0.0.1 /Test4/czxy/index.php/Home/Secondhand/index.html
INFO: [ app_init ] --START--
INFO: Run Behavior\BuildLiteBehavior [ RunTime:0.000000s ]
INFO: [ app_init ] --END-- [ RunTime:0.000000s ]
INFO: [ app_begin ] --START--
INFO: Run Behavior\ReadHtmlCacheBehavior [ RunTime:0.002001s ]
INFO: [ app_begin ] --END-- [ RunTime:0.002001s ]
SQL: DESCRIBE czxy_secondcat [ RunTime:0.007001s ]
SQL: SELECT * FROM `czxy_secondcat`  [ RunTime:0.002000s ]
SQL: DESCRIBE czxy_secondthing [ RunTime:0.006000s ]
SQL: SELECT COUNT(*) AS tp_count FROM czxy_secondthing a LIMIT 1   [ RunTime:0.002000s ]
SQL: SELECT * FROM czxy_secondthing a WHERE `state` = '显示' GROUP BY a.id LIMIT 0,20   [ RunTime:0.001001s ]
INFO: [ view_parse ] --START--
INFO: [ template_filter ] --START--
INFO: Run Behavior\ContentReplaceBehavior [ RunTime:0.000000s ]
INFO: [ template_filter ] --END-- [ RunTime:0.000000s ]
INFO: Run Behavior\ParseTemplateBehavior [ RunTime:0.017001s ]
INFO: [ view_parse ] --END-- [ RunTime:0.017001s ]
INFO: [ view_filter ] --START--
INFO: Run Behavior\WriteHtmlCacheBehavior [ RunTime:0.001000s ]
INFO: [ view_filter ] --END-- [ RunTime:0.001000s ]
INFO: [ app_end ] --START--
INFO: Run Behavior\ShowPageTraceBehavior [ RunTime:0.001000s ]
INFO: [ app_end ] --END-- [ RunTime:0.001000s ]

[ 2016-11-10T12:00:39+08:00 ] 127.0.0.1 /Test4/czxy/index.php/Home/Secondhand/write_second.html
INFO: [ app_init ] --START--
INFO: Run Behavior\BuildLiteBehavior [ RunTime:0.000000s ]
INFO: [ app_init ] --END-- [ RunTime:0.000000s ]
INFO: [ app_begin ] --START--
INFO: Run Behavior\ReadHtmlCacheBehavior [ RunTime:0.002000s ]
INFO: [ app_begin ] --END-- [ RunTime:0.002000s ]

[ 2016-11-10T12:00:39+08:00 ] 127.0.0.1 /Test4/czxy/index.php/Home/LogReg/login.html
INFO: [ app_init ] --START--
INFO: Run Behavior\BuildLiteBehavior [ RunTime:0.000000s ]
INFO: [ app_init ] --END-- [ RunTime:0.000000s ]
INFO: [ app_begin ] --START--
INFO: Run Behavior\ReadHtmlCacheBehavior [ RunTime:0.002000s ]
INFO: [ app_begin ] --END-- [ RunTime:0.002000s ]
INFO: [ view_parse ] --START--
INFO: [ template_filter ] --START--
INFO: Run Behavior\ContentReplaceBehavior [ RunTime:0.000000s ]
INFO: [ template_filter ] --END-- [ RunTime:0.000000s ]
INFO: Run Behavior\ParseTemplateBehavior [ RunTime:0.016001s ]
INFO: [ view_parse ] --END-- [ RunTime:0.016001s ]
INFO: [ view_filter ] --START--
INFO: Run Behavior\WriteHtmlCacheBehavior [ RunTime:0.001000s ]
INFO: [ view_filter ] --END-- [ RunTime:0.001000s ]
INFO: [ app_end ] --START--
INFO: Run Behavior\ShowPageTraceBehavior [ RunTime:0.002000s ]
INFO: [ app_end ] --END-- [ RunTime:0.002000s ]

[ 2016-11-10T12:00:40+08:00 ] 127.0.0.1 /Test4/czxy/index.php/Home/LogReg/images/zh-CN.js
INFO: [ app_init ] --START--
INFO: Run Behavior\BuildLiteBehavior [ RunTime:0.000000s ]
INFO: [ app_init ] --END-- [ RunTime:0.000000s ]
INFO: [ app_begin ] --START--
INFO: Run Behavior\ReadHtmlCacheBehavior [ RunTime:0.002000s ]
INFO: [ app_begin ] --END-- [ RunTime:0.002000s ]
ERR: 非法操作:images

[ 2016-11-10T12:00:50+08:00 ] 127.0.0.1 /Test4/czxy/index.php/Home/LogReg/isExitst.html?mobilephone=18636029605
INFO: [ app_init ] --START--
INFO: Run Behavior\BuildLiteBehavior [ RunTime:0.000000s ]
INFO: [ app_init ] --END-- [ RunTime:0.000000s ]
INFO: [ app_begin ] --START--
INFO: Run Behavior\ReadHtmlCacheBehavior [ RunTime:0.002000s ]
INFO: [ app_begin ] --END-- [ RunTime:0.002000s ]
SQL: DESCRIBE czxy_user [ RunTime:0.005000s ]
SQL: SELECT * FROM `czxy_user` WHERE ( username=18636029605 ) LIMIT 1   [ RunTime:0.001000s ]

[ 2016-11-10T12:00:51+08:00 ] 127.0.0.1 /Test4/czxy/index.php/Home/LogReg/login.html
INFO: [ app_init ] --START--
INFO: Run Behavior\BuildLiteBehavior [ RunTime:0.000000s ]
INFO: [ app_init ] --END-- [ RunTime:0.000000s ]
INFO: [ app_begin ] --START--
INFO: Run Behavior\ReadHtmlCacheBehavior [ RunTime:0.002000s ]
INFO: [ app_begin ] --END-- [ RunTime:0.002000s ]
SQL: DESCRIBE czxy_user [ RunTime:0.006000s ]
SQL: SELECT * FROM `czxy_user` WHERE `username` = '18636029605' AND `password` = 'e10adc3949ba59abbe56e057f20f883e' LIMIT 1   [ RunTime:0.002001s ]
INFO: [ view_parse ] --START--
INFO: [ template_filter ] --START--
INFO: Run Behavior\ContentReplaceBehavior [ RunTime:0.000000s ]
INFO: [ template_filter ] --END-- [ RunTime:0.001000s ]
INFO: Run Behavior\ParseTemplateBehavior [ RunTime:0.015000s ]
INFO: [ view_parse ] --END-- [ RunTime:0.015000s ]
INFO: [ view_filter ] --START--
INFO: Run Behavior\WriteHtmlCacheBehavior [ RunTime:0.001001s ]
INFO: [ view_filter ] --END-- [ RunTime:0.001001s ]

[ 2016-11-10T12:00:52+08:00 ] 127.0.0.1 /Test4/czxy/index.php/Home/Index/index.html
INFO: [ app_init ] --START--
INFO: Run Behavior\BuildLiteBehavior [ RunTime:0.000000s ]
INFO: [ app_init ] --END-- [ RunTime:0.000000s ]
INFO: [ app_begin ] --START--
INFO: Run Behavior\ReadHtmlCacheBehavior [ RunTime:0.001000s ]
INFO: [ app_begin ] --END-- [ RunTime:0.001000s ]
INFO: [ view_parse ] --START--
INFO: [ template_filter ] --START--
INFO: Run Behavior\ContentReplaceBehavior [ RunTime:0.000000s ]
INFO: [ template_filter ] --END-- [ RunTime:0.000000s ]
INFO: Run Behavior\ParseTemplateBehavior [ RunTime:0.016001s ]
INFO: [ view_parse ] --END-- [ RunTime:0.017001s ]
INFO: [ view_filter ] --START--
INFO: Run Behavior\WriteHtmlCacheBehavior [ RunTime:0.001000s ]
INFO: [ view_filter ] --END-- [ RunTime:0.001000s ]
INFO: [ app_end ] --START--
INFO: Run Behavior\ShowPageTraceBehavior [ RunTime:0.001000s ]
INFO: [ app_end ] --END-- [ RunTime:0.001000s ]

[ 2016-11-10T12:00:57+08:00 ] 127.0.0.1 /Test4/czxy/index.php/Home/News/lst.html
INFO: [ app_init ] --START--
INFO: Run Behavior\BuildLiteBehavior [ RunTime:0.000000s ]
INFO: [ app_init ] --END-- [ RunTime:0.001000s ]
INFO: [ app_begin ] --START--
INFO: Run Behavior\ReadHtmlCacheBehavior [ RunTime:0.001000s ]
INFO: [ app_begin ] --END-- [ RunTime:0.001000s ]
SQL: DESCRIBE czxy_news [ RunTime:0.005000s ]
NOTIC: [8] Undefined variable: pageObject D:\WWW\Test4\czxy\Application\Home\Model\NewsModel.class.php 第 22 行.
NOTIC: [8] Trying to get property of non-object D:\WWW\Test4\czxy\Application\Home\Model\NewsModel.class.php 第 22 行.
NOTIC: [8] Undefined variable: pageObject D:\WWW\Test4\czxy\Application\Home\Model\NewsModel.class.php 第 22 行.
NOTIC: [8] Trying to get property of non-object D:\WWW\Test4\czxy\Application\Home\Model\NewsModel.class.php 第 22 行.
SQL: SELECT COUNT(*) AS tp_count FROM czxy_news a ORDER BY addtime desc LIMIT 1   [ RunTime:0.001000s ]
SQL: SELECT a.* FROM czxy_news a ORDER BY addtime desc LIMIT 0,8   [ RunTime:0.003001s ]
SQL: DESCRIBE czxy_news_type [ RunTime:0.005000s ]
SQL: SELECT * FROM `czxy_news_type`  [ RunTime:0.002000s ]
INFO: [ view_parse ] --START--
INFO: [ template_filter ] --START--
INFO: Run Behavior\ContentReplaceBehavior [ RunTime:0.000000s ]
INFO: [ template_filter ] --END-- [ RunTime:0.000000s ]
INFO: Run Behavior\ParseTemplateBehavior [ RunTime:0.017001s ]
INFO: [ view_parse ] --END-- [ RunTime:0.017001s ]
INFO: [ view_filter ] --START--
INFO: Run Behavior\WriteHtmlCacheBehavior [ RunTime:0.001000s ]
INFO: [ view_filter ] --END-- [ RunTime:0.001000s ]
INFO: [ app_end ] --START--
INFO: Run Behavior\ShowPageTraceBehavior [ RunTime:0.001000s ]
INFO: [ app_end ] --END-- [ RunTime:0.002000s ]

[ 2016-11-10T12:01:03+08:00 ] 127.0.0.1 /Test4/czxy/index.php/Home/Secondhand/index.html
INFO: [ app_init ] --START--
INFO: Run Behavior\BuildLiteBehavior [ RunTime:0.000000s ]
INFO: [ app_init ] --END-- [ RunTime:0.000000s ]
INFO: [ app_begin ] --START--
INFO: Run Behavior\ReadHtmlCacheBehavior [ RunTime:0.001000s ]
INFO: [ app_begin ] --END-- [ RunTime:0.001000s ]
SQL: DESCRIBE czxy_secondcat [ RunTime:0.005000s ]
SQL: SELECT * FROM `czxy_secondcat`  [ RunTime:0.001000s ]
SQL: DESCRIBE czxy_secondthing [ RunTime:0.006001s ]
SQL: SELECT COUNT(*) AS tp_count FROM czxy_secondthing a LIMIT 1   [ RunTime:0.001000s ]
SQL: SELECT * FROM czxy_secondthing a WHERE `state` = '显示' GROUP BY a.id LIMIT 0,20   [ RunTime:0.001000s ]
INFO: [ view_parse ] --START--
INFO: [ template_filter ] --START--
INFO: Run Behavior\ContentReplaceBehavior [ RunTime:0.000000s ]
INFO: [ template_filter ] --END-- [ RunTime:0.001000s ]
INFO: Run Behavior\ParseTemplateBehavior [ RunTime:0.014001s ]
INFO: [ view_parse ] --END-- [ RunTime:0.014001s ]
INFO: [ view_filter ] --START--
INFO: Run Behavior\WriteHtmlCacheBehavior [ RunTime:0.001000s ]
INFO: [ view_filter ] --END-- [ RunTime:0.001000s ]
INFO: [ app_end ] --START--
INFO: Run Behavior\ShowPageTraceBehavior [ RunTime:0.001000s ]
INFO: [ app_end ] --END-- [ RunTime:0.001000s ]

[ 2016-11-10T12:01:06+08:00 ] 127.0.0.1 /Test4/czxy/index.php/Home/Secondhand/write_second.html
INFO: [ app_init ] --START--
INFO: Run Behavior\BuildLiteBehavior [ RunTime:0.000000s ]
INFO: [ app_init ] --END-- [ RunTime:0.000000s ]
INFO: [ app_begin ] --START--
INFO: Run Behavior\ReadHtmlCacheBehavior [ RunTime:0.002000s ]
INFO: [ app_begin ] --END-- [ RunTime:0.003000s ]
SQL: DESCRIBE czxy_secondcat [ RunTime:0.005000s ]
SQL: SELECT * FROM `czxy_secondcat`  [ RunTime:0.002000s ]
INFO: [ view_parse ] --START--
INFO: [ template_filter ] --START--
INFO: Run Behavior\ContentReplaceBehavior [ RunTime:0.000000s ]
INFO: [ template_filter ] --END-- [ RunTime:0.000000s ]
INFO: Run Behavior\ParseTemplateBehavior [ RunTime:0.015001s ]
INFO: [ view_parse ] --END-- [ RunTime:0.015001s ]
INFO: [ view_filter ] --START--
INFO: Run Behavior\WriteHtmlCacheBehavior [ RunTime:0.002000s ]
INFO: [ view_filter ] --END-- [ RunTime:0.002000s ]
INFO: [ app_end ] --START--
INFO: Run Behavior\ShowPageTraceBehavior [ RunTime:0.001000s ]
INFO: [ app_end ] --END-- [ RunTime:0.001000s ]

[ 2016-11-10T12:05:07+08:00 ] 127.0.0.1 /Test4/czxy/index.php/Home/Secondhand/write_second.html
INFO: [ app_init ] --START--
INFO: Run Behavior\BuildLiteBehavior [ RunTime:0.000000s ]
INFO: [ app_init ] --END-- [ RunTime:0.001000s ]
INFO: [ app_begin ] --START--
INFO: Run Behavior\ReadHtmlCacheBehavior [ RunTime:0.002000s ]
INFO: [ app_begin ] --END-- [ RunTime:0.002000s ]
NOTIC: [2] Invalid argument supplied for foreach() D:\WWW\Test4\czxy\Application\Home\Controller\SecondhandController.class.php 第 37 行.
SQL: DESCRIBE czxy_secondthing [ RunTime:0.005000s ]
NOTIC: [8] Undefined index: phone D:\WWW\Test4\czxy\ThinkPHP\Library\Think\Model.class.php 第 1072 行.
NOTIC: [8] Undefined index: deal_type D:\WWW\Test4\czxy\ThinkPHP\Library\Think\Model.class.php 第 1072 行.
NOTIC: [2] call_user_func() expects parameter 1 to be a valid callback, no array or string given D:\WWW\Test4\czxy\ThinkPHP\Library\Think\Upload.class.php 第 170 行.
SQL: INSERT INTO `czxy_secondthing` (`title`,`old_price`,`now_price`,`public_name`,`qq`,`categoryid`,`content`,`title_pic`,`little_title_pic`,`middle_title_pic`,`big_title_pic`,`public_time`,`phone`) VALUES ('鼠标','88','20','张瑞瑞','50311220',1,'我毕业要走。可以便宜处理','Secondthing/2016-11-10/5823f1f2d18a6.jpg','Secondthing/2016-11-10/thumb_0_5823f1f2d18a6.jpg','Secondthing/2016-11-10/thumb_1_5823f1f2d18a6.jpg','Secondthing/2016-11-10/thumb_2_5823f1f2d18a6.jpg','2016-11-10 12:05:07','18636029605') [ RunTime:0.097006s ]
INFO: [ view_parse ] --START--
INFO: [ template_filter ] --START--
INFO: Run Behavior\ContentReplaceBehavior [ RunTime:0.001000s ]
INFO: [ template_filter ] --END-- [ RunTime:0.001000s ]
INFO: Run Behavior\ParseTemplateBehavior [ RunTime:0.017001s ]
INFO: [ view_parse ] --END-- [ RunTime:0.017001s ]
INFO: [ view_filter ] --START--
INFO: Run Behavior\WriteHtmlCacheBehavior [ RunTime:0.001000s ]
INFO: [ view_filter ] --END-- [ RunTime:0.001000s ]

[ 2016-11-10T12:05:09+08:00 ] 127.0.0.1 /Test4/czxy/index.php/Home/Secondhand/index.html
INFO: [ app_init ] --START--
INFO: Run Behavior\BuildLiteBehavior [ RunTime:0.000000s ]
INFO: [ app_init ] --END-- [ RunTime:0.001000s ]
INFO: [ app_begin ] --START--
INFO: Run Behavior\ReadHtmlCacheBehavior [ RunTime:0.002000s ]
INFO: [ app_begin ] --END-- [ RunTime:0.002000s ]
SQL: DESCRIBE czxy_secondcat [ RunTime:0.006000s ]
SQL: SELECT * FROM `czxy_secondcat`  [ RunTime:0.002000s ]
SQL: DESCRIBE czxy_secondthing [ RunTime:0.007001s ]
SQL: SELECT COUNT(*) AS tp_count FROM czxy_secondthing a LIMIT 1   [ RunTime:0.001000s ]
SQL: SELECT * FROM czxy_secondthing a WHERE `state` = '显示' GROUP BY a.id LIMIT 0,20   [ RunTime:0.001000s ]
INFO: [ view_parse ] --START--
INFO: [ template_filter ] --START--
INFO: Run Behavior\ContentReplaceBehavior [ RunTime:0.000000s ]
INFO: [ template_filter ] --END-- [ RunTime:0.001000s ]
INFO: Run Behavior\ParseTemplateBehavior [ RunTime:0.018001s ]
INFO: [ view_parse ] --END-- [ RunTime:0.018001s ]
INFO: [ view_filter ] --START--
INFO: Run Behavior\WriteHtmlCacheBehavior [ RunTime:0.001000s ]
INFO: [ view_filter ] --END-- [ RunTime:0.001000s ]
INFO: [ app_end ] --START--
INFO: Run Behavior\ShowPageTraceBehavior [ RunTime:0.002000s ]
INFO: [ app_end ] --END-- [ RunTime:0.002000s ]

[ 2016-11-10T12:05:13+08:00 ] 127.0.0.1 /Test4/czxy/index.php/Home/Secondhand/write_second.html
INFO: [ app_init ] --START--
INFO: Run Behavior\BuildLiteBehavior [ RunTime:0.000000s ]
INFO: [ app_init ] --END-- [ RunTime:0.000000s ]
INFO: [ app_begin ] --START--
INFO: Run Behavior\ReadHtmlCacheBehavior [ RunTime:0.003000s ]
INFO: [ app_begin ] --END-- [ RunTime:0.004000s ]
SQL: DESCRIBE czxy_secondcat [ RunTime:0.005000s ]
SQL: SELECT * FROM `czxy_secondcat`  [ RunTime:0.001000s ]
INFO: [ view_parse ] --START--
INFO: [ template_filter ] --START--
INFO: Run Behavior\ContentReplaceBehavior [ RunTime:0.000000s ]
INFO: [ template_filter ] --END-- [ RunTime:0.000000s ]
INFO: Run Behavior\ParseTemplateBehavior [ RunTime:0.012000s ]
INFO: [ view_parse ] --END-- [ RunTime:0.012000s ]
INFO: [ view_filter ] --START--
INFO: Run Behavior\WriteHtmlCacheBehavior [ RunTime:0.001000s ]
INFO: [ view_filter ] --END-- [ RunTime:0.001000s ]
INFO: [ app_end ] --START--
INFO: Run Behavior\ShowPageTraceBehavior [ RunTime:0.002000s ]
INFO: [ app_end ] --END-- [ RunTime:0.002000s ]

[ 2016-11-10T12:06:01+08:00 ] 127.0.0.1 /Test4/czxy/index.php/Home/Secondhand/write_second.html
INFO: [ app_init ] --START--
INFO: Run Behavior\BuildLiteBehavior [ RunTime:0.000000s ]
INFO: [ app_init ] --END-- [ RunTime:0.000000s ]
INFO: [ app_begin ] --START--
INFO: Run Behavior\ReadHtmlCacheBehavior [ RunTime:0.004000s ]
INFO: [ app_begin ] --END-- [ RunTime:0.004000s ]
NOTIC: [2] Invalid argument supplied for foreach() D:\WWW\Test4\czxy\Application\Home\Controller\SecondhandController.class.php 第 37 行.
SQL: DESCRIBE czxy_secondthing [ RunTime:0.007001s ]
NOTIC: [8] Undefined index: phone D:\WWW\Test4\czxy\ThinkPHP\Library\Think\Model.class.php 第 1072 行.
NOTIC: [8] Undefined index: deal_type D:\WWW\Test4\czxy\ThinkPHP\Library\Think\Model.class.php 第 1072 行.
NOTIC: [2] call_user_func() expects parameter 1 to be a valid callback, no array or string given D:\WWW\Test4\czxy\ThinkPHP\Library\Think\Upload.class.php 第 170 行.
SQL: INSERT INTO `czxy_secondthing` (`title`,`old_price`,`now_price`,`public_name`,`qq`,`categoryid`,`content`,`title_pic`,`little_title_pic`,`middle_title_pic`,`big_title_pic`,`public_time`,`phone`) VALUES ('球拍','100','20','瑞瑞','503102318',6,'这件球拍九成新。非常好用，可以试用。','Secondthing/2016-11-10/5823f22926e98.jpg','Secondthing/2016-11-10/thumb_0_5823f22926e98.jpg','Secondthing/2016-11-10/thumb_1_5823f22926e98.jpg','Secondthing/2016-11-10/thumb_2_5823f22926e98.jpg','2016-11-10 12:06:01','18636029605') [ RunTime:0.066004s ]
INFO: [ view_parse ] --START--
INFO: [ template_filter ] --START--
INFO: Run Behavior\ContentReplaceBehavior [ RunTime:0.000000s ]
INFO: [ template_filter ] --END-- [ RunTime:0.000000s ]
INFO: Run Behavior\ParseTemplateBehavior [ RunTime:0.017001s ]
INFO: [ view_parse ] --END-- [ RunTime:0.017001s ]
INFO: [ view_filter ] --START--
INFO: Run Behavior\WriteHtmlCacheBehavior [ RunTime:0.001000s ]
INFO: [ view_filter ] --END-- [ RunTime:0.002000s ]

[ 2016-11-10T12:06:03+08:00 ] 127.0.0.1 /Test4/czxy/index.php/Home/Secondhand/index.html
INFO: [ app_init ] --START--
INFO: Run Behavior\BuildLiteBehavior [ RunTime:0.001000s ]
INFO: [ app_init ] --END-- [ RunTime:0.002000s ]
INFO: [ app_begin ] --START--
INFO: Run Behavior\ReadHtmlCacheBehavior [ RunTime:0.001000s ]
INFO: [ app_begin ] --END-- [ RunTime:0.001000s ]
SQL: DESCRIBE czxy_secondcat [ RunTime:0.006000s ]
SQL: SELECT * FROM `czxy_secondcat`  [ RunTime:0.002000s ]
SQL: DESCRIBE czxy_secondthing [ RunTime:0.007001s ]
SQL: SELECT COUNT(*) AS tp_count FROM czxy_secondthing a LIMIT 1   [ RunTime:0.002000s ]
SQL: SELECT * FROM czxy_secondthing a WHERE `state` = '显示' GROUP BY a.id LIMIT 0,20   [ RunTime:0.001000s ]
INFO: [ view_parse ] --START--
INFO: [ template_filter ] --START--
INFO: Run Behavior\ContentReplaceBehavior [ RunTime:0.000000s ]
INFO: [ template_filter ] --END-- [ RunTime:0.000000s ]
INFO: Run Behavior\ParseTemplateBehavior [ RunTime:0.015001s ]
INFO: [ view_parse ] --END-- [ RunTime:0.015001s ]
INFO: [ view_filter ] --START--
INFO: Run Behavior\WriteHtmlCacheBehavior [ RunTime:0.001000s ]
INFO: [ view_filter ] --END-- [ RunTime:0.001000s ]
INFO: [ app_end ] --START--
INFO: Run Behavior\ShowPageTraceBehavior [ RunTime:0.001000s ]
INFO: [ app_end ] --END-- [ RunTime:0.001000s ]

[ 2016-11-10T12:06:08+08:00 ] 127.0.0.1 /Test4/czxy/index.php/Home/Secondhand/write_second.html
INFO: [ app_init ] --START--
INFO: Run Behavior\BuildLiteBehavior [ RunTime:0.000000s ]
INFO: [ app_init ] --END-- [ RunTime:0.000000s ]
INFO: [ app_begin ] --START--
INFO: Run Behavior\ReadHtmlCacheBehavior [ RunTime:0.001000s ]
INFO: [ app_begin ] --END-- [ RunTime:0.001000s ]
SQL: DESCRIBE czxy_secondcat [ RunTime:0.004000s ]
SQL: SELECT * FROM `czxy_secondcat`  [ RunTime:0.002000s ]
INFO: [ view_parse ] --START--
INFO: [ template_filter ] --START--
INFO: Run Behavior\ContentReplaceBehavior [ RunTime:0.000000s ]
INFO: [ template_filter ] --END-- [ RunTime:0.001000s ]
INFO: Run Behavior\ParseTemplateBehavior [ RunTime:0.012001s ]
INFO: [ view_parse ] --END-- [ RunTime:0.012001s ]
INFO: [ view_filter ] --START--
INFO: Run Behavior\WriteHtmlCacheBehavior [ RunTime:0.001000s ]
INFO: [ view_filter ] --END-- [ RunTime:0.001000s ]
INFO: [ app_end ] --START--
INFO: Run Behavior\ShowPageTraceBehavior [ RunTime:0.001000s ]
INFO: [ app_end ] --END-- [ RunTime:0.001000s ]

[ 2016-11-10T12:06:57+08:00 ] 127.0.0.1 /Test4/czxy/index.php/Home/Secondhand/write_second.html
INFO: [ app_init ] --START--
INFO: Run Behavior\BuildLiteBehavior [ RunTime:0.000000s ]
INFO: [ app_init ] --END-- [ RunTime:0.000000s ]
INFO: [ app_begin ] --START--
INFO: Run Behavior\ReadHtmlCacheBehavior [ RunTime:0.001000s ]
INFO: [ app_begin ] --END-- [ RunTime:0.001000s ]
NOTIC: [2] Invalid argument supplied for foreach() D:\WWW\Test4\czxy\Application\Home\Controller\SecondhandController.class.php 第 37 行.
SQL: DESCRIBE czxy_secondthing [ RunTime:0.005000s ]
NOTIC: [8] Undefined index: phone D:\WWW\Test4\czxy\ThinkPHP\Library\Think\Model.class.php 第 1072 行.
NOTIC: [8] Undefined index: deal_type D:\WWW\Test4\czxy\ThinkPHP\Library\Think\Model.class.php 第 1072 行.
NOTIC: [2] call_user_func() expects parameter 1 to be a valid callback, no array or string given D:\WWW\Test4\czxy\ThinkPHP\Library\Think\Upload.class.php 第 170 行.
SQL: INSERT INTO `czxy_secondthing` (`title`,`old_price`,`now_price`,`public_name`,`qq`,`categoryid`,`content`,`title_pic`,`little_title_pic`,`middle_title_pic`,`big_title_pic`,`public_time`,`phone`) VALUES ('自行车','500','300','张瑞瑞','503102317',4,'刚买了2个月','Secondthing/2016-11-10/5823f260e94b8.jpg','Secondthing/2016-11-10/thumb_0_5823f260e94b8.jpg','Secondthing/2016-11-10/thumb_1_5823f260e94b8.jpg','Secondthing/2016-11-10/thumb_2_5823f260e94b8.jpg','2016-11-10 12:06:57','18636029605') [ RunTime:0.059004s ]
INFO: [ view_parse ] --START--
INFO: [ template_filter ] --START--
INFO: Run Behavior\ContentReplaceBehavior [ RunTime:0.000000s ]
INFO: [ template_filter ] --END-- [ RunTime:0.000000s ]
INFO: Run Behavior\ParseTemplateBehavior [ RunTime:0.016001s ]
INFO: [ view_parse ] --END-- [ RunTime:0.016001s ]
INFO: [ view_filter ] --START--
INFO: Run Behavior\WriteHtmlCacheBehavior [ RunTime:0.002000s ]
INFO: [ view_filter ] --END-- [ RunTime:0.002000s ]

[ 2016-11-10T12:06:59+08:00 ] 127.0.0.1 /Test4/czxy/index.php/Home/Secondhand/index.html
INFO: [ app_init ] --START--
INFO: Run Behavior\BuildLiteBehavior [ RunTime:0.001000s ]
INFO: [ app_init ] --END-- [ RunTime:0.001000s ]
INFO: [ app_begin ] --START--
INFO: Run Behavior\ReadHtmlCacheBehavior [ RunTime:0.007001s ]
INFO: [ app_begin ] --END-- [ RunTime:0.007001s ]
SQL: DESCRIBE czxy_secondcat [ RunTime:0.006000s ]
SQL: SELECT * FROM `czxy_secondcat`  [ RunTime:0.002000s ]
SQL: DESCRIBE czxy_secondthing [ RunTime:0.005000s ]
SQL: SELECT COUNT(*) AS tp_count FROM czxy_secondthing a LIMIT 1   [ RunTime:0.001000s ]
SQL: SELECT * FROM czxy_secondthing a WHERE `state` = '显示' GROUP BY a.id LIMIT 0,20   [ RunTime:0.001000s ]
INFO: [ view_parse ] --START--
INFO: [ template_filter ] --START--
INFO: Run Behavior\ContentReplaceBehavior [ RunTime:0.000000s ]
INFO: [ template_filter ] --END-- [ RunTime:0.000000s ]
INFO: Run Behavior\ParseTemplateBehavior [ RunTime:0.016001s ]
INFO: [ view_parse ] --END-- [ RunTime:0.016001s ]
INFO: [ view_filter ] --START--
INFO: Run Behavior\WriteHtmlCacheBehavior [ RunTime:0.001000s ]
INFO: [ view_filter ] --END-- [ RunTime:0.001000s ]
INFO: [ app_end ] --START--
INFO: Run Behavior\ShowPageTraceBehavior [ RunTime:0.002000s ]
INFO: [ app_end ] --END-- [ RunTime:0.002000s ]

[ 2016-11-10T12:07:06+08:00 ] 127.0.0.1 /Test4/czxy/index.php/Home/Secondhand/write_second.html
INFO: [ app_init ] --START--
INFO: Run Behavior\BuildLiteBehavior [ RunTime:0.000000s ]
INFO: [ app_init ] --END-- [ RunTime:0.001000s ]
INFO: [ app_begin ] --START--
INFO: Run Behavior\ReadHtmlCacheBehavior [ RunTime:0.002000s ]
INFO: [ app_begin ] --END-- [ RunTime:0.003000s ]
SQL: DESCRIBE czxy_secondcat [ RunTime:0.006000s ]
SQL: SELECT * FROM `czxy_secondcat`  [ RunTime:0.002000s ]
INFO: [ view_parse ] --START--
INFO: [ template_filter ] --START--
INFO: Run Behavior\ContentReplaceBehavior [ RunTime:0.000000s ]
INFO: [ template_filter ] --END-- [ RunTime:0.000000s ]
INFO: Run Behavior\ParseTemplateBehavior [ RunTime:0.018001s ]
INFO: [ view_parse ] --END-- [ RunTime:0.019001s ]
INFO: [ view_filter ] --START--
INFO: Run Behavior\WriteHtmlCacheBehavior [ RunTime:0.001000s ]
INFO: [ view_filter ] --END-- [ RunTime:0.001000s ]
INFO: [ app_end ] --START--
INFO: Run Behavior\ShowPageTraceBehavior [ RunTime:0.002001s ]
INFO: [ app_end ] --END-- [ RunTime:0.002001s ]

[ 2016-11-10T12:07:53+08:00 ] 127.0.0.1 /Test4/czxy/index.php/Home/Secondhand/write_second.html
INFO: [ app_init ] --START--
INFO: Run Behavior\BuildLiteBehavior [ RunTime:0.000000s ]
INFO: [ app_init ] --END-- [ RunTime:0.000000s ]
INFO: [ app_begin ] --START--
INFO: Run Behavior\ReadHtmlCacheBehavior [ RunTime:0.001000s ]
INFO: [ app_begin ] --END-- [ RunTime:0.001000s ]
NOTIC: [2] Invalid argument supplied for foreach() D:\WWW\Test4\czxy\Application\Home\Controller\SecondhandController.class.php 第 37 行.
SQL: DESCRIBE czxy_secondthing [ RunTime:0.007000s ]
NOTIC: [8] Undefined index: phone D:\WWW\Test4\czxy\ThinkPHP\Library\Think\Model.class.php 第 1072 行.
NOTIC: [8] Undefined index: deal_type D:\WWW\Test4\czxy\ThinkPHP\Library\Think\Model.class.php 第 1072 行.
NOTIC: [2] call_user_func() expects parameter 1 to be a valid callback, no array or string given D:\WWW\Test4\czxy\ThinkPHP\Library\Think\Upload.class.php 第 170 行.
SQL: INSERT INTO `czxy_secondthing` (`title`,`old_price`,`now_price`,`public_name`,`qq`,`categoryid`,`content`,`title_pic`,`little_title_pic`,`middle_title_pic`,`big_title_pic`,`public_time`,`phone`) VALUES ('照相机','600','400','张瑞瑞','503102317',1,'索尼牌子的','Secondthing/2016-11-10/5823f29814af9.jpg','Secondthing/2016-11-10/thumb_0_5823f29814af9.jpg','Secondthing/2016-11-10/thumb_1_5823f29814af9.jpg','Secondthing/2016-11-10/thumb_2_5823f29814af9.jpg','2016-11-10 12:07:52','18636029605') [ RunTime:0.059004s ]
INFO: [ view_parse ] --START--
INFO: [ template_filter ] --START--
INFO: Run Behavior\ContentReplaceBehavior [ RunTime:0.000000s ]
INFO: [ template_filter ] --END-- [ RunTime:0.000000s ]
INFO: Run Behavior\ParseTemplateBehavior [ RunTime:0.021001s ]
INFO: [ view_parse ] --END-- [ RunTime:0.021001s ]
INFO: [ view_filter ] --START--
INFO: Run Behavior\WriteHtmlCacheBehavior [ RunTime:0.002000s ]
INFO: [ view_filter ] --END-- [ RunTime:0.002000s ]

[ 2016-11-10T12:07:55+08:00 ] 127.0.0.1 /Test4/czxy/index.php/Home/Secondhand/index.html
INFO: [ app_init ] --START--
INFO: Run Behavior\BuildLiteBehavior [ RunTime:0.000000s ]
INFO: [ app_init ] --END-- [ RunTime:0.000000s ]
INFO: [ app_begin ] --START--
INFO: Run Behavior\ReadHtmlCacheBehavior [ RunTime:0.001000s ]
INFO: [ app_begin ] --END-- [ RunTime:0.002000s ]
SQL: DESCRIBE czxy_secondcat [ RunTime:0.006001s ]
SQL: SELECT * FROM `czxy_secondcat`  [ RunTime:0.002000s ]
SQL: DESCRIBE czxy_secondthing [ RunTime:0.006000s ]
SQL: SELECT COUNT(*) AS tp_count FROM czxy_secondthing a LIMIT 1   [ RunTime:0.001000s ]
SQL: SELECT * FROM czxy_secondthing a WHERE `state` = '显示' GROUP BY a.id LIMIT 0,20   [ RunTime:0.001000s ]
INFO: [ view_parse ] --START--
INFO: [ template_filter ] --START--
INFO: Run Behavior\ContentReplaceBehavior [ RunTime:0.000000s ]
INFO: [ template_filter ] --END-- [ RunTime:0.001000s ]
INFO: Run Behavior\ParseTemplateBehavior [ RunTime:0.016001s ]
INFO: [ view_parse ] --END-- [ RunTime:0.016001s ]
INFO: [ view_filter ] --START--
INFO: Run Behavior\WriteHtmlCacheBehavior [ RunTime:0.001000s ]
INFO: [ view_filter ] --END-- [ RunTime:0.001000s ]
INFO: [ app_end ] --START--
INFO: Run Behavior\ShowPageTraceBehavior [ RunTime:0.008000s ]
INFO: [ app_end ] --END-- [ RunTime:0.008000s ]

[ 2016-11-10T12:07:59+08:00 ] 127.0.0.1 /Test4/czxy/index.php/Home/Secondhand/write_second.html
INFO: [ app_init ] --START--
INFO: Run Behavior\BuildLiteBehavior [ RunTime:0.000000s ]
INFO: [ app_init ] --END-- [ RunTime:0.001000s ]
INFO: [ app_begin ] --START--
INFO: Run Behavior\ReadHtmlCacheBehavior [ RunTime:0.001000s ]
INFO: [ app_begin ] --END-- [ RunTime:0.001000s ]
SQL: DESCRIBE czxy_secondcat [ RunTime:0.004000s ]
SQL: SELECT * FROM `czxy_secondcat`  [ RunTime:0.002000s ]
INFO: [ view_parse ] --START--
INFO: [ template_filter ] --START--
INFO: Run Behavior\ContentReplaceBehavior [ RunTime:0.000000s ]
INFO: [ template_filter ] --END-- [ RunTime:0.001000s ]
INFO: Run Behavior\ParseTemplateBehavior [ RunTime:0.013001s ]
INFO: [ view_parse ] --END-- [ RunTime:0.013001s ]
INFO: [ view_filter ] --START--
INFO: Run Behavior\WriteHtmlCacheBehavior [ RunTime:0.002000s ]
INFO: [ view_filter ] --END-- [ RunTime:0.002000s ]
INFO: [ app_end ] --START--
INFO: Run Behavior\ShowPageTraceBehavior [ RunTime:0.001000s ]
INFO: [ app_end ] --END-- [ RunTime:0.001000s ]

[ 2016-11-10T12:08:50+08:00 ] 127.0.0.1 /Test4/czxy/index.php/Home/Secondhand/write_second.html
INFO: [ app_init ] --START--
INFO: Run Behavior\BuildLiteBehavior [ RunTime:0.000000s ]
INFO: [ app_init ] --END-- [ RunTime:0.000000s ]
INFO: [ app_begin ] --START--
INFO: Run Behavior\ReadHtmlCacheBehavior [ RunTime:0.001000s ]
INFO: [ app_begin ] --END-- [ RunTime:0.001000s ]
NOTIC: [2] Invalid argument supplied for foreach() D:\WWW\Test4\czxy\Application\Home\Controller\SecondhandController.class.php 第 37 行.
SQL: DESCRIBE czxy_secondthing [ RunTime:0.006000s ]
NOTIC: [8] Undefined index: phone D:\WWW\Test4\czxy\ThinkPHP\Library\Think\Model.class.php 第 1072 行.
NOTIC: [8] Undefined index: deal_type D:\WWW\Test4\czxy\ThinkPHP\Library\Think\Model.class.php 第 1072 行.
NOTIC: [2] call_user_func() expects parameter 1 to be a valid callback, no array or string given D:\WWW\Test4\czxy\ThinkPHP\Library\Think\Upload.class.php 第 170 行.
SQL: INSERT INTO `czxy_secondthing` (`title`,`old_price`,`now_price`,`public_name`,`qq`,`categoryid`,`content`,`title_pic`,`little_title_pic`,`middle_title_pic`,`big_title_pic`,`public_time`,`phone`) VALUES ('特步鞋子','400','150','张瑞瑞','503102319',3,'好穿，依然很崭新。','Secondthing/2016-11-10/5823f2d24ea0c.jpg','Secondthing/2016-11-10/thumb_0_5823f2d24ea0c.jpg','Secondthing/2016-11-10/thumb_1_5823f2d24ea0c.jpg','Secondthing/2016-11-10/thumb_2_5823f2d24ea0c.jpg','2016-11-10 12:08:50','18636029605') [ RunTime:0.058004s ]
INFO: [ view_parse ] --START--
INFO: [ template_filter ] --START--
INFO: Run Behavior\ContentReplaceBehavior [ RunTime:0.000000s ]
INFO: [ template_filter ] --END-- [ RunTime:0.000000s ]
INFO: Run Behavior\ParseTemplateBehavior [ RunTime:0.018001s ]
INFO: [ view_parse ] --END-- [ RunTime:0.018001s ]
INFO: [ view_filter ] --START--
INFO: Run Behavior\WriteHtmlCacheBehavior [ RunTime:0.001000s ]
INFO: [ view_filter ] --END-- [ RunTime:0.001000s ]

[ 2016-11-10T12:08:52+08:00 ] 127.0.0.1 /Test4/czxy/index.php/Home/Secondhand/index.html
INFO: [ app_init ] --START--
INFO: Run Behavior\BuildLiteBehavior [ RunTime:0.000000s ]
INFO: [ app_init ] --END-- [ RunTime:0.000000s ]
INFO: [ app_begin ] --START--
INFO: Run Behavior\ReadHtmlCacheBehavior [ RunTime:0.003000s ]
INFO: [ app_begin ] --END-- [ RunTime:0.004000s ]
SQL: DESCRIBE czxy_secondcat [ RunTime:0.007001s ]
SQL: SELECT * FROM `czxy_secondcat`  [ RunTime:0.002000s ]
SQL: DESCRIBE czxy_secondthing [ RunTime:0.007000s ]
SQL: SELECT COUNT(*) AS tp_count FROM czxy_secondthing a LIMIT 1   [ RunTime:0.001001s ]
SQL: SELECT * FROM czxy_secondthing a WHERE `state` = '显示' GROUP BY a.id LIMIT 0,20   [ RunTime:0.001000s ]
INFO: [ view_parse ] --START--
INFO: [ template_filter ] --START--
INFO: Run Behavior\ContentReplaceBehavior [ RunTime:0.000000s ]
INFO: [ template_filter ] --END-- [ RunTime:0.000000s ]
INFO: Run Behavior\ParseTemplateBehavior [ RunTime:0.015001s ]
INFO: [ view_parse ] --END-- [ RunTime:0.015001s ]
INFO: [ view_filter ] --START--
INFO: Run Behavior\WriteHtmlCacheBehavior [ RunTime:0.001000s ]
INFO: [ view_filter ] --END-- [ RunTime:0.001000s ]
INFO: [ app_end ] --START--
INFO: Run Behavior\ShowPageTraceBehavior [ RunTime:0.002000s ]
INFO: [ app_end ] --END-- [ RunTime:0.002000s ]

[ 2016-11-10T12:15:04+08:00 ] 127.0.0.1 /Test4/czxy/index.php/Home/Secondhand/write_second.html
INFO: [ app_init ] --START--
INFO: Run Behavior\BuildLiteBehavior [ RunTime:0.000000s ]
INFO: [ app_init ] --END-- [ RunTime:0.000000s ]
INFO: [ app_begin ] --START--
INFO: Run Behavior\ReadHtmlCacheBehavior [ RunTime:0.002000s ]
INFO: [ app_begin ] --END-- [ RunTime:0.002000s ]
SQL: DESCRIBE czxy_secondcat [ RunTime:0.004001s ]
SQL: SELECT * FROM `czxy_secondcat`  [ RunTime:0.001000s ]
INFO: [ view_parse ] --START--
INFO: [ template_filter ] --START--
INFO: Run Behavior\ContentReplaceBehavior [ RunTime:0.000000s ]
INFO: [ template_filter ] --END-- [ RunTime:0.000000s ]
INFO: Run Behavior\ParseTemplateBehavior [ RunTime:0.013000s ]
INFO: [ view_parse ] --END-- [ RunTime:0.013000s ]
INFO: [ view_filter ] --START--
INFO: Run Behavior\WriteHtmlCacheBehavior [ RunTime:0.001001s ]
INFO: [ view_filter ] --END-- [ RunTime:0.001001s ]
INFO: [ app_end ] --START--
INFO: Run Behavior\ShowPageTraceBehavior [ RunTime:0.002000s ]
INFO: [ app_end ] --END-- [ RunTime:0.002000s ]

[ 2016-11-10T12:15:46+08:00 ] 127.0.0.1 /Test4/czxy/index.php/Home/Secondhand/write_second.html
INFO: [ app_init ] --START--
INFO: Run Behavior\BuildLiteBehavior [ RunTime:0.000000s ]
INFO: [ app_init ] --END-- [ RunTime:0.000000s ]
INFO: [ app_begin ] --START--
INFO: Run Behavior\ReadHtmlCacheBehavior [ RunTime:0.001000s ]
INFO: [ app_begin ] --END-- [ RunTime:0.001000s ]
NOTIC: [2] Invalid argument supplied for foreach() D:\WWW\Test4\czxy\Application\Home\Controller\SecondhandController.class.php 第 37 行.
SQL: DESCRIBE czxy_secondthing [ RunTime:0.005000s ]
NOTIC: [8] Undefined index: phone D:\WWW\Test4\czxy\ThinkPHP\Library\Think\Model.class.php 第 1072 行.
NOTIC: [8] Undefined index: deal_type D:\WWW\Test4\czxy\ThinkPHP\Library\Think\Model.class.php 第 1072 行.
NOTIC: [2] call_user_func() expects parameter 1 to be a valid callback, no array or string given D:\WWW\Test4\czxy\ThinkPHP\Library\Think\Upload.class.php 第 170 行.
SQL: INSERT INTO `czxy_secondthing` (`title`,`old_price`,`now_price`,`public_name`,`qq`,`categoryid`,`content`,`title_pic`,`little_title_pic`,`middle_title_pic`,`big_title_pic`,`public_time`,`phone`) VALUES ('VR眼镜','400','200','张瑞瑞','503102318',1,'非常奇幻。非常好用','Secondthing/2016-11-10/5823f472b9c2f.jpg','Secondthing/2016-11-10/thumb_0_5823f472b9c2f.jpg','Secondthing/2016-11-10/thumb_1_5823f472b9c2f.jpg','Secondthing/2016-11-10/thumb_2_5823f472b9c2f.jpg','2016-11-10 12:15:46','18636029605') [ RunTime:0.070005s ]
INFO: [ view_parse ] --START--
INFO: [ template_filter ] --START--
INFO: Run Behavior\ContentReplaceBehavior [ RunTime:0.000000s ]
INFO: [ template_filter ] --END-- [ RunTime:0.000000s ]
INFO: Run Behavior\ParseTemplateBehavior [ RunTime:0.012000s ]
INFO: [ view_parse ] --END-- [ RunTime:0.012000s ]
INFO: [ view_filter ] --START--
INFO: Run Behavior\WriteHtmlCacheBehavior [ RunTime:0.001000s ]
INFO: [ view_filter ] --END-- [ RunTime:0.001000s ]

[ 2016-11-10T12:15:49+08:00 ] 127.0.0.1 /Test4/czxy/index.php/Home/Secondhand/index.html
INFO: [ app_init ] --START--
INFO: Run Behavior\BuildLiteBehavior [ RunTime:0.000000s ]
INFO: [ app_init ] --END-- [ RunTime:0.000000s ]
INFO: [ app_begin ] --START--
INFO: Run Behavior\ReadHtmlCacheBehavior [ RunTime:0.004000s ]
INFO: [ app_begin ] --END-- [ RunTime:0.004000s ]
SQL: DESCRIBE czxy_secondcat [ RunTime:0.004000s ]
SQL: SELECT * FROM `czxy_secondcat`  [ RunTime:0.001000s ]
SQL: DESCRIBE czxy_secondthing [ RunTime:0.008000s ]
SQL: SELECT COUNT(*) AS tp_count FROM czxy_secondthing a LIMIT 1   [ RunTime:0.000000s ]
SQL: SELECT * FROM czxy_secondthing a WHERE `state` = '显示' GROUP BY a.id LIMIT 0,20   [ RunTime:0.001001s ]
INFO: [ view_parse ] --START--
INFO: [ template_filter ] --START--
INFO: Run Behavior\ContentReplaceBehavior [ RunTime:0.000000s ]
INFO: [ template_filter ] --END-- [ RunTime:0.000000s ]
INFO: Run Behavior\ParseTemplateBehavior [ RunTime:0.018001s ]
INFO: [ view_parse ] --END-- [ RunTime:0.019001s ]
INFO: [ view_filter ] --START--
INFO: Run Behavior\WriteHtmlCacheBehavior [ RunTime:0.001000s ]
INFO: [ view_filter ] --END-- [ RunTime:0.001000s ]
INFO: [ app_end ] --START--
INFO: Run Behavior\ShowPageTraceBehavior [ RunTime:0.002000s ]
INFO: [ app_end ] --END-- [ RunTime:0.002000s ]

[ 2016-11-10T12:19:39+08:00 ] 127.0.0.1 /Test4/czxy/index.php/Home/Secondhand/index.html
INFO: [ app_init ] --START--
INFO: Run Behavior\BuildLiteBehavior [ RunTime:0.000000s ]
INFO: [ app_init ] --END-- [ RunTime:0.000000s ]
INFO: [ app_begin ] --START--
INFO: Run Behavior\ReadHtmlCacheBehavior [ RunTime:0.003000s ]
INFO: [ app_begin ] --END-- [ RunTime:0.003000s ]
SQL: DESCRIBE czxy_secondcat [ RunTime:0.004000s ]
SQL: SELECT * FROM `czxy_secondcat`  [ RunTime:0.001001s ]
SQL: DESCRIBE czxy_secondthing [ RunTime:0.004000s ]
SQL: SELECT COUNT(*) AS tp_count FROM czxy_secondthing a LIMIT 1   [ RunTime:0.001000s ]
SQL: SELECT * FROM czxy_secondthing a WHERE `state` = '显示' GROUP BY a.id LIMIT 0,20   [ RunTime:0.001000s ]
INFO: [ view_parse ] --START--
INFO: [ template_filter ] --START--
INFO: Run Behavior\ContentReplaceBehavior [ RunTime:0.001000s ]
INFO: [ template_filter ] --END-- [ RunTime:0.001000s ]
INFO: Run Behavior\ParseTemplateBehavior [ RunTime:0.017001s ]
INFO: [ view_parse ] --END-- [ RunTime:0.017001s ]
INFO: [ view_filter ] --START--
INFO: Run Behavior\WriteHtmlCacheBehavior [ RunTime:0.001000s ]
INFO: [ view_filter ] --END-- [ RunTime:0.002000s ]
INFO: [ app_end ] --START--
INFO: Run Behavior\ShowPageTraceBehavior [ RunTime:0.002000s ]
INFO: [ app_end ] --END-- [ RunTime:0.002000s ]

[ 2016-11-10T12:19:43+08:00 ] 127.0.0.1 /Test4/czxy/index.php/Home/Secondhand/detail/secondid/13.html
INFO: [ app_init ] --START--
INFO: Run Behavior\BuildLiteBehavior [ RunTime:0.000000s ]
INFO: [ app_init ] --END-- [ RunTime:0.000000s ]
INFO: [ app_begin ] --START--
INFO: Run Behavior\ReadHtmlCacheBehavior [ RunTime:0.001000s ]
INFO: [ app_begin ] --END-- [ RunTime:0.002000s ]
SQL: DESCRIBE czxy_secondthing [ RunTime:0.007001s ]
SQL: SELECT * FROM `czxy_secondthing` WHERE `id` = 13 LIMIT 1   [ RunTime:0.002000s ]
INFO: [ view_parse ] --START--
INFO: [ template_filter ] --START--
INFO: Run Behavior\ContentReplaceBehavior [ RunTime:0.000000s ]
INFO: [ template_filter ] --END-- [ RunTime:0.000000s ]
INFO: Run Behavior\ParseTemplateBehavior [ RunTime:0.018001s ]
INFO: [ view_parse ] --END-- [ RunTime:0.019001s ]
INFO: [ view_filter ] --START--
INFO: Run Behavior\WriteHtmlCacheBehavior [ RunTime:0.001000s ]
INFO: [ view_filter ] --END-- [ RunTime:0.001000s ]
INFO: [ app_end ] --START--
INFO: Run Behavior\ShowPageTraceBehavior [ RunTime:0.002000s ]
INFO: [ app_end ] --END-- [ RunTime:0.002000s ]

[ 2016-11-10T12:19:45+08:00 ] 127.0.0.1 /Test4/czxy/index.php/Home/Secondhand/issend.html?phone=&secondid=13&username=18636029605
INFO: [ app_init ] --START--
INFO: Run Behavior\BuildLiteBehavior [ RunTime:0.000000s ]
INFO: [ app_init ] --END-- [ RunTime:0.001000s ]
INFO: [ app_begin ] --START--
INFO: Run Behavior\ReadHtmlCacheBehavior [ RunTime:0.002001s ]
INFO: [ app_begin ] --END-- [ RunTime:0.003001s ]
SQL: DESCRIBE czxy_recordmsgsecond [ RunTime:0.005000s ]
INFO: [ app_end ] --START--
INFO: Run Behavior\ShowPageTraceBehavior [ RunTime:0.002000s ]
INFO: [ app_end ] --END-- [ RunTime:0.002000s ]

[ 2016-11-10T12:22:20+08:00 ] 127.0.0.1 /Test4/czxy/index.php/Home/Secondhand/index.html
INFO: [ app_init ] --START--
INFO: Run Behavior\BuildLiteBehavior [ RunTime:0.000000s ]
INFO: [ app_init ] --END-- [ RunTime:0.000000s ]
INFO: [ app_begin ] --START--
INFO: Run Behavior\ReadHtmlCacheBehavior [ RunTime:0.003000s ]
INFO: [ app_begin ] --END-- [ RunTime:0.003000s ]
SQL: DESCRIBE czxy_secondcat [ RunTime:0.004001s ]
SQL: SELECT * FROM `czxy_secondcat`  [ RunTime:0.001000s ]
SQL: DESCRIBE czxy_secondthing [ RunTime:0.004000s ]
SQL: SELECT COUNT(*) AS tp_count FROM czxy_secondthing a LIMIT 1   [ RunTime:0.001000s ]
SQL: SELECT * FROM czxy_secondthing a WHERE `state` = '显示' GROUP BY a.id LIMIT 0,20   [ RunTime:0.001000s ]
INFO: [ view_parse ] --START--
INFO: [ template_filter ] --START--
INFO: Run Behavior\ContentReplaceBehavior [ RunTime:0.000000s ]
INFO: [ template_filter ] --END-- [ RunTime:0.000000s ]
INFO: Run Behavior\ParseTemplateBehavior [ RunTime:0.018001s ]
INFO: [ view_parse ] --END-- [ RunTime:0.019001s ]
INFO: [ view_filter ] --START--
INFO: Run Behavior\WriteHtmlCacheBehavior [ RunTime:0.001000s ]
INFO: [ view_filter ] --END-- [ RunTime:0.001000s ]
INFO: [ app_end ] --START--
INFO: Run Behavior\ShowPageTraceBehavior [ RunTime:0.008000s ]
INFO: [ app_end ] --END-- [ RunTime:0.008000s ]

[ 2016-11-10T12:23:51+08:00 ] 127.0.0.1 /Test4/czxy/index.php/Home/Secondhand/write_second.html
INFO: [ app_init ] --START--
INFO: Run Behavior\BuildLiteBehavior [ RunTime:0.000000s ]
INFO: [ app_init ] --END-- [ RunTime:0.001000s ]
INFO: [ app_begin ] --START--
INFO: Run Behavior\ReadHtmlCacheBehavior [ RunTime:0.002001s ]
INFO: [ app_begin ] --END-- [ RunTime:0.002001s ]
SQL: DESCRIBE czxy_secondcat [ RunTime:0.010000s ]
SQL: SELECT * FROM `czxy_secondcat`  [ RunTime:0.001000s ]
INFO: [ view_parse ] --START--
INFO: [ template_filter ] --START--
INFO: Run Behavior\ContentReplaceBehavior [ RunTime:0.001000s ]
INFO: [ template_filter ] --END-- [ RunTime:0.001000s ]
INFO: Run Behavior\ParseTemplateBehavior [ RunTime:0.022002s ]
INFO: [ view_parse ] --END-- [ RunTime:0.022002s ]
INFO: [ view_filter ] --START--
INFO: Run Behavior\WriteHtmlCacheBehavior [ RunTime:0.001000s ]
INFO: [ view_filter ] --END-- [ RunTime:0.002000s ]
INFO: [ app_end ] --START--
INFO: Run Behavior\ShowPageTraceBehavior [ RunTime:0.002000s ]
INFO: [ app_end ] --END-- [ RunTime:0.002000s ]

[ 2016-11-10T12:24:45+08:00 ] 127.0.0.1 /Test4/czxy/index.php/Home/Secondhand/write_second.html
INFO: [ app_init ] --START--
INFO: Run Behavior\BuildLiteBehavior [ RunTime:0.000000s ]
INFO: [ app_init ] --END-- [ RunTime:0.000000s ]
INFO: [ app_begin ] --START--
INFO: Run Behavior\ReadHtmlCacheBehavior [ RunTime:0.001000s ]
INFO: [ app_begin ] --END-- [ RunTime:0.001000s ]
NOTIC: [2] Invalid argument supplied for foreach() D:\WWW\Test4\czxy\Application\Home\Controller\SecondhandController.class.php 第 37 行.
SQL: DESCRIBE czxy_secondthing [ RunTime:0.006000s ]
NOTIC: [8] Undefined index: phone D:\WWW\Test4\czxy\ThinkPHP\Library\Think\Model.class.php 第 1072 行.
NOTIC: [8] Undefined index: deal_type D:\WWW\Test4\czxy\ThinkPHP\Library\Think\Model.class.php 第 1072 行.
NOTIC: [2] call_user_func() expects parameter 1 to be a valid callback, no array or string given D:\WWW\Test4\czxy\ThinkPHP\Library\Think\Upload.class.php 第 170 行.
SQL: INSERT INTO `czxy_secondthing` (`title`,`old_price`,`now_price`,`public_name`,`qq`,`categoryid`,`content`,`title_pic`,`little_title_pic`,`middle_title_pic`,`big_title_pic`,`public_time`,`phone`) VALUES ('U盘16G','50','20','张瑞瑞','50310218',5,'U盘3.0接口','Secondthing/2016-11-10/5823f68d7616c.jpg','Secondthing/2016-11-10/thumb_0_5823f68d7616c.jpg','Secondthing/2016-11-10/thumb_1_5823f68d7616c.jpg','Secondthing/2016-11-10/thumb_2_5823f68d7616c.jpg','2016-11-10 12:24:45','18636029605') [ RunTime:0.059003s ]
INFO: [ view_parse ] --START--
INFO: [ template_filter ] --START--
INFO: Run Behavior\ContentReplaceBehavior [ RunTime:0.000000s ]
INFO: [ template_filter ] --END-- [ RunTime:0.000000s ]
INFO: Run Behavior\ParseTemplateBehavior [ RunTime:0.015001s ]
INFO: [ view_parse ] --END-- [ RunTime:0.016001s ]
INFO: [ view_filter ] --START--
INFO: Run Behavior\WriteHtmlCacheBehavior [ RunTime:0.001000s ]
INFO: [ view_filter ] --END-- [ RunTime:0.002000s ]

[ 2016-11-10T12:24:48+08:00 ] 127.0.0.1 /Test4/czxy/index.php/Home/Secondhand/index.html
INFO: [ app_init ] --START--
INFO: Run Behavior\BuildLiteBehavior [ RunTime:0.000000s ]
INFO: [ app_init ] --END-- [ RunTime:0.000000s ]
INFO: [ app_begin ] --START--
INFO: Run Behavior\ReadHtmlCacheBehavior [ RunTime:0.002000s ]
INFO: [ app_begin ] --END-- [ RunTime:0.002000s ]
SQL: DESCRIBE czxy_secondcat [ RunTime:0.004000s ]
SQL: SELECT * FROM `czxy_secondcat`  [ RunTime:0.002000s ]
SQL: DESCRIBE czxy_secondthing [ RunTime:0.005000s ]
SQL: SELECT COUNT(*) AS tp_count FROM czxy_secondthing a LIMIT 1   [ RunTime:0.001000s ]
SQL: SELECT * FROM czxy_secondthing a WHERE `state` = '显示' GROUP BY a.id LIMIT 0,20   [ RunTime:0.001000s ]
INFO: [ view_parse ] --START--
INFO: [ template_filter ] --START--
INFO: Run Behavior\ContentReplaceBehavior [ RunTime:0.000000s ]
INFO: [ template_filter ] --END-- [ RunTime:0.001000s ]
INFO: Run Behavior\ParseTemplateBehavior [ RunTime:0.017001s ]
INFO: [ view_parse ] --END-- [ RunTime:0.017001s ]
INFO: [ view_filter ] --START--
INFO: Run Behavior\WriteHtmlCacheBehavior [ RunTime:0.001000s ]
INFO: [ view_filter ] --END-- [ RunTime:0.001000s ]
INFO: [ app_end ] --START--
INFO: Run Behavior\ShowPageTraceBehavior [ RunTime:0.002000s ]
INFO: [ app_end ] --END-- [ RunTime:0.003000s ]

[ 2016-11-10T12:25:13+08:00 ] 127.0.0.1 /Test4/czxy/index.php/Home/Secondhand/write_second.html
INFO: [ app_init ] --START--
INFO: Run Behavior\BuildLiteBehavior [ RunTime:0.000000s ]
INFO: [ app_init ] --END-- [ RunTime:0.000000s ]
INFO: [ app_begin ] --START--
INFO: Run Behavior\ReadHtmlCacheBehavior [ RunTime:0.002000s ]
INFO: [ app_begin ] --END-- [ RunTime:0.002000s ]
SQL: DESCRIBE czxy_secondcat [ RunTime:0.004000s ]
SQL: SELECT * FROM `czxy_secondcat`  [ RunTime:0.001000s ]
INFO: [ view_parse ] --START--
INFO: [ template_filter ] --START--
INFO: Run Behavior\ContentReplaceBehavior [ RunTime:0.000000s ]
INFO: [ template_filter ] --END-- [ RunTime:0.000000s ]
INFO: Run Behavior\ParseTemplateBehavior [ RunTime:0.013001s ]
INFO: [ view_parse ] --END-- [ RunTime:0.013001s ]
INFO: [ view_filter ] --START--
INFO: Run Behavior\WriteHtmlCacheBehavior [ RunTime:0.001000s ]
INFO: [ view_filter ] --END-- [ RunTime:0.001000s ]
INFO: [ app_end ] --START--
INFO: Run Behavior\ShowPageTraceBehavior [ RunTime:0.002000s ]
INFO: [ app_end ] --END-- [ RunTime:0.002000s ]

[ 2016-11-10T12:25:54+08:00 ] 127.0.0.1 /Test4/czxy/index.php/Home/Secondhand/write_second.html
INFO: [ app_init ] --START--
INFO: Run Behavior\BuildLiteBehavior [ RunTime:0.000000s ]
INFO: [ app_init ] --END-- [ RunTime:0.000000s ]
INFO: [ app_begin ] --START--
INFO: Run Behavior\ReadHtmlCacheBehavior [ RunTime:0.001000s ]
INFO: [ app_begin ] --END-- [ RunTime:0.001000s ]
NOTIC: [2] Invalid argument supplied for foreach() D:\WWW\Test4\czxy\Application\Home\Controller\SecondhandController.class.php 第 37 行.
SQL: DESCRIBE czxy_secondthing [ RunTime:0.007001s ]
NOTIC: [8] Undefined index: phone D:\WWW\Test4\czxy\ThinkPHP\Library\Think\Model.class.php 第 1072 行.
NOTIC: [8] Undefined index: deal_type D:\WWW\Test4\czxy\ThinkPHP\Library\Think\Model.class.php 第 1072 行.
NOTIC: [2] call_user_func() expects parameter 1 to be a valid callback, no array or string given D:\WWW\Test4\czxy\ThinkPHP\Library\Think\Upload.class.php 第 170 行.
SQL: INSERT INTO `czxy_secondthing` (`title`,`old_price`,`now_price`,`public_name`,`qq`,`categoryid`,`content`,`title_pic`,`little_title_pic`,`middle_title_pic`,`big_title_pic`,`public_time`,`phone`) VALUES ('iphone6','4600','2000','张瑞','503102321',1,'没有修过，9成新','Secondthing/2016-11-10/5823f6d26440a.jpg','Secondthing/2016-11-10/thumb_0_5823f6d26440a.jpg','Secondthing/2016-11-10/thumb_1_5823f6d26440a.jpg','Secondthing/2016-11-10/thumb_2_5823f6d26440a.jpg','2016-11-10 12:25:54','18636029605') [ RunTime:0.066004s ]
INFO: [ view_parse ] --START--
INFO: [ template_filter ] --START--
INFO: Run Behavior\ContentReplaceBehavior [ RunTime:0.000000s ]
INFO: [ template_filter ] --END-- [ RunTime:0.000000s ]
INFO: Run Behavior\ParseTemplateBehavior [ RunTime:0.014000s ]
INFO: [ view_parse ] --END-- [ RunTime:0.014000s ]
INFO: [ view_filter ] --START--
INFO: Run Behavior\WriteHtmlCacheBehavior [ RunTime:0.002000s ]
INFO: [ view_filter ] --END-- [ RunTime:0.002000s ]

[ 2016-11-10T12:25:57+08:00 ] 127.0.0.1 /Test4/czxy/index.php/Home/Secondhand/index.html
INFO: [ app_init ] --START--
INFO: Run Behavior\BuildLiteBehavior [ RunTime:0.000000s ]
INFO: [ app_init ] --END-- [ RunTime:0.001000s ]
INFO: [ app_begin ] --START--
INFO: Run Behavior\ReadHtmlCacheBehavior [ RunTime:0.002000s ]
INFO: [ app_begin ] --END-- [ RunTime:0.002000s ]
SQL: DESCRIBE czxy_secondcat [ RunTime:0.006000s ]
SQL: SELECT * FROM `czxy_secondcat`  [ RunTime:0.000000s ]
SQL: DESCRIBE czxy_secondthing [ RunTime:0.006000s ]
SQL: SELECT COUNT(*) AS tp_count FROM czxy_secondthing a LIMIT 1   [ RunTime:0.001000s ]
SQL: SELECT * FROM czxy_secondthing a WHERE `state` = '显示' GROUP BY a.id LIMIT 0,20   [ RunTime:0.001000s ]
INFO: [ view_parse ] --START--
INFO: [ template_filter ] --START--
INFO: Run Behavior\ContentReplaceBehavior [ RunTime:0.000000s ]
INFO: [ template_filter ] --END-- [ RunTime:0.000000s ]
INFO: Run Behavior\ParseTemplateBehavior [ RunTime:0.015001s ]
INFO: [ view_parse ] --END-- [ RunTime:0.015001s ]
INFO: [ view_filter ] --START--
INFO: Run Behavior\WriteHtmlCacheBehavior [ RunTime:0.001000s ]
INFO: [ view_filter ] --END-- [ RunTime:0.001000s ]
INFO: [ app_end ] --START--
INFO: Run Behavior\ShowPageTraceBehavior [ RunTime:0.002000s ]
INFO: [ app_end ] --END-- [ RunTime:0.002000s ]

[ 2016-11-10T12:26:01+08:00 ] 127.0.0.1 /Test4/czxy/index.php/Home/Secondhand/write_second.html
INFO: [ app_init ] --START--
INFO: Run Behavior\BuildLiteBehavior [ RunTime:0.000000s ]
INFO: [ app_init ] --END-- [ RunTime:0.000000s ]
INFO: [ app_begin ] --START--
INFO: Run Behavior\ReadHtmlCacheBehavior [ RunTime:0.001000s ]
INFO: [ app_begin ] --END-- [ RunTime:0.001000s ]
SQL: DESCRIBE czxy_secondcat [ RunTime:0.004000s ]
SQL: SELECT * FROM `czxy_secondcat`  [ RunTime:0.002000s ]
INFO: [ view_parse ] --START--
INFO: [ template_filter ] --START--
INFO: Run Behavior\ContentReplaceBehavior [ RunTime:0.000000s ]
INFO: [ template_filter ] --END-- [ RunTime:0.000000s ]
INFO: Run Behavior\ParseTemplateBehavior [ RunTime:0.012001s ]
INFO: [ view_parse ] --END-- [ RunTime:0.013001s ]
INFO: [ view_filter ] --START--
INFO: Run Behavior\WriteHtmlCacheBehavior [ RunTime:0.001000s ]
INFO: [ view_filter ] --END-- [ RunTime:0.001000s ]
INFO: [ app_end ] --START--
INFO: Run Behavior\ShowPageTraceBehavior [ RunTime:0.001000s ]
INFO: [ app_end ] --END-- [ RunTime:0.001000s ]

